{"numTotalTestSuites":20,"numPassedTestSuites":16,"numFailedTestSuites":4,"numPendingTestSuites":0,"numTotalTests":48,"numPassedTests":46,"numFailedTests":2,"numPendingTests":0,"numTodoTests":0,"snapshot":{"added":0,"failure":false,"filesAdded":0,"filesRemoved":0,"filesRemovedList":[],"filesUnmatched":0,"filesUpdated":0,"matched":0,"total":0,"unchecked":0,"uncheckedKeysByFile":[],"unmatched":0,"updated":0,"didUpdate":false},"startTime":1753032561167,"success":false,"testResults":[{"assertionResults":[{"ancestorTitles":["SentimentChart"],"fullName":"SentimentChart should render sentiment analysis title","status":"passed","title":"should render sentiment analysis title","duration":29.79950000000008,"failureMessages":[],"meta":{}},{"ancestorTitles":["SentimentChart"],"fullName":"SentimentChart should render ResponsiveContainer with correct dimensions","status":"passed","title":"should render ResponsiveContainer with correct dimensions","duration":4.86180000000013,"failureMessages":[],"meta":{}},{"ancestorTitles":["SentimentChart"],"fullName":"SentimentChart should render PieChart with correct data","status":"passed","title":"should render PieChart with correct data","duration":4.114100000000008,"failureMessages":[],"meta":{}},{"ancestorTitles":["SentimentChart"],"fullName":"SentimentChart should display correct sentiment data","status":"passed","title":"should display correct sentiment data","duration":4.817199999999957,"failureMessages":[],"meta":{}},{"ancestorTitles":["SentimentChart"],"fullName":"SentimentChart should render correct number of pie entries","status":"passed","title":"should render correct number of pie entries","duration":3.6403000000000247,"failureMessages":[],"meta":{}},{"ancestorTitles":["SentimentChart"],"fullName":"SentimentChart should render tooltip and legend","status":"passed","title":"should render tooltip and legend","duration":3.552099999999882,"failureMessages":[],"meta":{}},{"ancestorTitles":["SentimentChart"],"fullName":"SentimentChart should handle zero values correctly","status":"passed","title":"should handle zero values correctly","duration":2.8372000000001663,"failureMessages":[],"meta":{}},{"ancestorTitles":["SentimentChart"],"fullName":"SentimentChart should handle decimal values correctly","status":"passed","title":"should handle decimal values correctly","duration":3.409800000000132,"failureMessages":[],"meta":{}}],"startTime":1753032562249,"endTime":1753032562306.41,"status":"passed","message":"","name":"D:/all projects/projects/winshot/feedback-analysis-front/src/components/SentimentChart.test.tsx"},{"assertionResults":[{"ancestorTitles":["formatDateTimeString"],"fullName":"formatDateTimeString should format a valid ISO date string correctly","status":"passed","title":"should format a valid ISO date string correctly","duration":2.0996000000000095,"failureMessages":[],"meta":{}},{"ancestorTitles":["formatDateTimeString"],"fullName":"formatDateTimeString should format a Date object correctly","status":"passed","title":"should format a Date object correctly","duration":0.3170000000000073,"failureMessages":[],"meta":{}},{"ancestorTitles":["formatDateTimeString"],"fullName":"formatDateTimeString should handle different date formats","status":"passed","title":"should handle different date formats","duration":0.417699999999968,"failureMessages":[],"meta":{}},{"ancestorTitles":["formatDateTimeString"],"fullName":"formatDateTimeString should handle edge cases","status":"passed","title":"should handle edge cases","duration":0.14229999999997744,"failureMessages":[],"meta":{}},{"ancestorTitles":["formatDateTimeString"],"fullName":"formatDateTimeString should handle invalid dates gracefully","status":"passed","title":"should handle invalid dates gracefully","duration":6.778700000000072,"failureMessages":[],"meta":{}}],"startTime":1753032562153,"endTime":1753032562162.7788,"status":"passed","message":"","name":"D:/all projects/projects/winshot/feedback-analysis-front/src/constants/dateformatter.test.ts"},{"assertionResults":[{"ancestorTitles":["FeedbackAnalysisService","getAnalysis"],"fullName":"FeedbackAnalysisService getAnalysis should call AIServer.post with correct endpoint and data","status":"passed","title":"should call AIServer.post with correct endpoint and data","duration":4.153099999999995,"failureMessages":[],"meta":{}},{"ancestorTitles":["FeedbackAnalysisService","getAnalysis"],"fullName":"FeedbackAnalysisService getAnalysis should handle empty comment","status":"passed","title":"should handle empty comment","duration":0.6621999999999844,"failureMessages":[],"meta":{}},{"ancestorTitles":["FeedbackAnalysisService","getAnalysis"],"fullName":"FeedbackAnalysisService getAnalysis should handle negative sentiment comment","status":"passed","title":"should handle negative sentiment comment","duration":0.7821999999999889,"failureMessages":[],"meta":{}},{"ancestorTitles":["FeedbackAnalysisService","getAnalysis"],"fullName":"FeedbackAnalysisService getAnalysis should handle neutral sentiment comment","status":"passed","title":"should handle neutral sentiment comment","duration":0.5515000000000327,"failureMessages":[],"meta":{}}],"startTime":1753032562109,"endTime":1753032562115.5515,"status":"passed","message":"","name":"D:/all projects/projects/winshot/feedback-analysis-front/src/services/FeedbackAnalysisService.test.ts"},{"assertionResults":[{"ancestorTitles":["FeedbackService","getFeedbacks"],"fullName":"FeedbackService getFeedbacks should call http.get with correct endpoint and params","status":"passed","title":"should call http.get with correct endpoint and params","duration":2.699200000000019,"failureMessages":[],"meta":{}},{"ancestorTitles":["FeedbackService","getFeedbacks"],"fullName":"FeedbackService getFeedbacks should call http.get with empty params when no params provided","status":"passed","title":"should call http.get with empty params when no params provided","duration":0.5147000000000617,"failureMessages":[],"meta":{}},{"ancestorTitles":["FeedbackService","getTopFeedbacks"],"fullName":"FeedbackService getTopFeedbacks should call http.get with correct endpoint","status":"passed","title":"should call http.get with correct endpoint","duration":0.5060999999999467,"failureMessages":[],"meta":{}},{"ancestorTitles":["FeedbackService","getFeedbackStatistics"],"fullName":"FeedbackService getFeedbackStatistics should call http.get with correct endpoint","status":"passed","title":"should call http.get with correct endpoint","duration":0.3851000000000795,"failureMessages":[],"meta":{}},{"ancestorTitles":["FeedbackService","getFeedbackAVG"],"fullName":"FeedbackService getFeedbackAVG should call http.get with correct endpoint","status":"passed","title":"should call http.get with correct endpoint","duration":0.3609000000000151,"failureMessages":[],"meta":{}},{"ancestorTitles":["FeedbackService","getFeedback"],"fullName":"FeedbackService getFeedback should call http.get with correct endpoint and id","status":"passed","title":"should call http.get with correct endpoint and id","duration":0.38589999999999236,"failureMessages":[],"meta":{}}],"startTime":1753032562108,"endTime":1753032562113.386,"status":"passed","message":"","name":"D:/all projects/projects/winshot/feedback-analysis-front/src/services/FeedbackService.test.ts"},{"assertionResults":[{"ancestorTitles":["useFetchFeedback"],"fullName":"useFetchFeedback should initialize with default values","status":"passed","title":"should initialize with default values","duration":22.088700000000017,"failureMessages":[],"meta":{}},{"ancestorTitles":["useFetchFeedback"],"fullName":"useFetchFeedback should call feedbackService.getFeedbacks with correct parameters","status":"passed","title":"should call feedbackService.getFeedbacks with correct parameters","duration":6.648199999999861,"failureMessages":[],"meta":{}},{"ancestorTitles":["useFetchFeedback"],"fullName":"useFetchFeedback should handle search functionality","status":"passed","title":"should handle search functionality","duration":4.246399999999994,"failureMessages":[],"meta":{}},{"ancestorTitles":["useFetchFeedback"],"fullName":"useFetchFeedback should handle rating filter changes","status":"passed","title":"should handle rating filter changes","duration":2.9125000000001364,"failureMessages":[],"meta":{}},{"ancestorTitles":["useFetchFeedback"],"fullName":"useFetchFeedback should handle status filter changes","status":"passed","title":"should handle status filter changes","duration":2.2590000000000146,"failureMessages":[],"meta":{}},{"ancestorTitles":["useFetchFeedback"],"fullName":"useFetchFeedback should handle company filter changes","status":"passed","title":"should handle company filter changes","duration":2.010400000000118,"failureMessages":[],"meta":{}},{"ancestorTitles":["useFetchFeedback"],"fullName":"useFetchFeedback should handle conference filter changes","status":"passed","title":"should handle conference filter changes","duration":2.2049999999999272,"failureMessages":[],"meta":{}},{"ancestorTitles":["useFetchFeedback"],"fullName":"useFetchFeedback should handle table pagination changes","status":"passed","title":"should handle table pagination changes","duration":2.556400000000167,"failureMessages":[],"meta":{}},{"ancestorTitles":["useFetchFeedback"],"fullName":"useFetchFeedback should clear filters when null values are passed","status":"passed","title":"should clear filters when null values are passed","duration":3.9950000000001182,"failureMessages":[],"meta":{}},{"ancestorTitles":["useFetchFeedback"],"fullName":"useFetchFeedback should build correct filter object for search","status":"passed","title":"should build correct filter object for search","duration":4.718299999999999,"failureMessages":[],"meta":{}}],"startTime":1753032562280,"endTime":1753032562333.7183,"status":"passed","message":"","name":"D:/all projects/projects/winshot/feedback-analysis-front/src/services/useFetchFeedback.test.ts"},{"assertionResults":[{"ancestorTitles":["FeedbackModal"],"fullName":"FeedbackModal should render modal when visible and feedback is provided","status":"passed","title":"should render modal when visible and feedback is provided","duration":134.74879999999985,"failureMessages":[],"meta":{}},{"ancestorTitles":["FeedbackModal"],"fullName":"FeedbackModal should not render modal when feedback is null","status":"passed","title":"should not render modal when feedback is null","duration":1.259599999999864,"failureMessages":[],"meta":{}},{"ancestorTitles":["FeedbackModal"],"fullName":"FeedbackModal should display all feedback information correctly","status":"passed","title":"should display all feedback information correctly","duration":31.915300000000116,"failureMessages":[],"meta":{}},{"ancestorTitles":["FeedbackModal"],"fullName":"FeedbackModal should display rating correctly","status":"passed","title":"should display rating correctly","duration":51.08170000000018,"failureMessages":[],"meta":{}},{"ancestorTitles":["FeedbackModal"],"fullName":"FeedbackModal should render sentiment chart when feedbackAnalysis is provided","status":"passed","title":"should render sentiment chart when feedbackAnalysis is provided","duration":347.48860000000013,"failureMessages":[],"meta":{}},{"ancestorTitles":["FeedbackModal"],"fullName":"FeedbackModal should not render sentiment chart when feedbackAnalysis is null","status":"passed","title":"should not render sentiment chart when feedbackAnalysis is null","duration":24.61539999999968,"failureMessages":[],"meta":{}},{"ancestorTitles":["FeedbackModal"],"fullName":"FeedbackModal should call onClose when modal is closed","status":"passed","title":"should call onClose when modal is closed","duration":32.59760000000006,"failureMessages":[],"meta":{}},{"ancestorTitles":["FeedbackModal"],"fullName":"FeedbackModal should handle feedback without optional fields","status":"passed","title":"should handle feedback without optional fields","duration":19.029999999999745,"failureMessages":[],"meta":{}},{"ancestorTitles":["FeedbackModal"],"fullName":"FeedbackModal should display loading state when sentiment chart is loading","status":"failed","title":"should display loading state when sentiment chart is loading","duration":29.10709999999972,"failureMessages":["TestingLibraryElementError: Unable to find an element with the text: Loading chart.... This could be because the text is broken up by multiple elements. In this case, you can provide a function for your text matcher to make your matcher more flexible.\n\nIgnored nodes: comments, script, style\n\u001b[36m<body>\u001b[39m\n  \u001b[36m<div />\u001b[39m\n  \u001b[36m<div>\u001b[39m\n    \u001b[36m<div\u001b[39m\n      \u001b[33mclass\u001b[39m=\u001b[32m\"ant-modal-root css-dev-only-do-not-override-36gkoj\"\u001b[39m\n    \u001b[36m>\u001b[39m\n      \u001b[36m<div\u001b[39m\n        \u001b[33mclass\u001b[39m=\u001b[32m\"ant-modal-mask\"\u001b[39m\n      \u001b[36m/>\u001b[39m\n      \u001b[36m<div\u001b[39m\n        \u001b[33mclass\u001b[39m=\u001b[32m\"ant-modal-wrap\"\u001b[39m\n        \u001b[33mtabindex\u001b[39m=\u001b[32m\"-1\"\u001b[39m\n      \u001b[36m>\u001b[39m\n        \u001b[36m<div\u001b[39m\n          \u001b[33maria-labelledby\u001b[39m=\u001b[32m\"test-id\"\u001b[39m\n          \u001b[33maria-modal\u001b[39m=\u001b[32m\"true\"\u001b[39m\n          \u001b[33mclass\u001b[39m=\u001b[32m\"ant-modal css-dev-only-do-not-override-36gkoj ant-zoom-appear ant-zoom-appear-prepare ant-zoom\"\u001b[39m\n          \u001b[33mrole\u001b[39m=\u001b[32m\"dialog\"\u001b[39m\n          \u001b[33mstyle\u001b[39m=\u001b[32m\"width: 600px;\"\u001b[39m\n        \u001b[36m>\u001b[39m\n          \u001b[36m<div\u001b[39m\n            \u001b[33mstyle\u001b[39m=\u001b[32m\"outline: none;\"\u001b[39m\n            \u001b[33mtabindex\u001b[39m=\u001b[32m\"0\"\u001b[39m\n          \u001b[36m>\u001b[39m\n            \u001b[36m<div\u001b[39m\n              \u001b[33mclass\u001b[39m=\u001b[32m\"ant-modal-content\"\u001b[39m\n            \u001b[36m>\u001b[39m\n              \u001b[36m<button\u001b[39m\n                \u001b[33maria-label\u001b[39m=\u001b[32m\"Close\"\u001b[39m\n                \u001b[33mclass\u001b[39m=\u001b[32m\"ant-modal-close\"\u001b[39m\n                \u001b[33mtype\u001b[39m=\u001b[32m\"button\"\u001b[39m\n              \u001b[36m>\u001b[39m\n                \u001b[36m<span\u001b[39m\n                  \u001b[33maria-label\u001b[39m=\u001b[32m\"Close\"\u001b[39m\n                  \u001b[33mclass\u001b[39m=\u001b[32m\"ant-modal-close-x\"\u001b[39m\n                \u001b[36m>\u001b[39m\n                  \u001b[36m<span\u001b[39m\n                    \u001b[33maria-label\u001b[39m=\u001b[32m\"close\"\u001b[39m\n                    \u001b[33mclass\u001b[39m=\u001b[32m\"anticon anticon-close ant-modal-close-icon\"\u001b[39m\n                    \u001b[33mrole\u001b[39m=\u001b[32m\"img\"\u001b[39m\n                  \u001b[36m>\u001b[39m\n                    \u001b[36m<svg\u001b[39m\n                      \u001b[33maria-hidden\u001b[39m=\u001b[32m\"true\"\u001b[39m\n                      \u001b[33mdata-icon\u001b[39m=\u001b[32m\"close\"\u001b[39m\n                      \u001b[33mfill\u001b[39m=\u001b[32m\"currentColor\"\u001b[39m\n                      \u001b[33mfill-rule\u001b[39m=\u001b[32m\"evenodd\"\u001b[39m\n                      \u001b[33mfocusable\u001b[39m=\u001b[32m\"false\"\u001b[39m\n                      \u001b[33mheight\u001b[39m=\u001b[32m\"1em\"\u001b[39m\n                      \u001b[33mviewBox\u001b[39m=\u001b[32m\"64 64 896 896\"\u001b[39m\n                      \u001b[33mwidth\u001b[39m=\u001b[32m\"1em\"\u001b[39m\n                    \u001b[36m>\u001b[39m\n                      \u001b[36m<path\u001b[39m\n                        \u001b[33md\u001b[39m=\u001b[32m\"M799.86 166.31c.02 0 .04.02.08.06l57.69 57.7c.04.03.05.05.06.08a.12.12 0 010 .06c0 .03-.02.05-.06.09L569.93 512l287.7 287.7c.04.04.05.06.06.09a.12.12 0 010 .07c0 .02-.02.04-.06.08l-57.7 57.69c-.03.04-.05.05-.07.06a.12.12 0 01-.07 0c-.03 0-.05-.02-.09-.06L512 569.93l-287.7 287.7c-.04.04-.06.05-.09.06a.12.12 0 01-.07 0c-.02 0-.04-.02-.08-.06l-57.69-57.7c-.04-.03-.05-.05-.06-.07a.12.12 0 010-.07c0-.03.02-.05.06-.09L454.07 512l-287.7-287.7c-.04-.04-.05-.06-.06-.09a.12.12 0 010-.07c0-.02.02-.04.06-.08l57.7-57.69c.03-.04.05-.05.07-.06a.12.12 0 01.07 0c.03 0 .05.02.09.06L512 454.07l287.7-287.7c.04-.04.06-.05.09-.06a.12.12 0 01.07 0z\"\u001b[39m\n                      \u001b[36m/>\u001b[39m\n                    \u001b[36m</svg>\u001b[39m\n                  \u001b[36m</span>\u001b[39m\n                \u001b[36m</span>\u001b[39m\n              \u001b[36m</button>\u001b[39m\n              \u001b[36m<div\u001b[39m\n                \u001b[33mclass\u001b[39m=\u001b[32m\"ant-modal-header\"\u001b[39m\n              \u001b[36m>\u001b[39m\n                \u001b[36m<div\u001b[39m\n                  \u001b[33mclass\u001b[39m=\u001b[32m\"ant-modal-title\"\u001b[39m\n                  \u001b[33mid\u001b[39m=\u001b[32m\"test-id\"\u001b[39m\n                \u001b[36m>\u001b[39m\n                  \u001b[36m<div\u001b[39m\n                    \u001b[33mstyle\u001b[39m=\u001b[32m\"text-align: center;\"\u001b[39m\n                  \u001b[36m>\u001b[39m\n                    \u001b[0mFeedback Details\u001b[0m\n                  \u001b[36m</div>\u001b[39m\n                \u001b[36m</div>\u001b[39m\n              \u001b[36m</div>\u001b[39m\n              \u001b[36m<div\u001b[39m\n                \u001b[33mclass\u001b[39m=\u001b[32m\"ant-modal-body\"\u001b[39m\n              \u001b[36m>\u001b[39m\n                \u001b[36m<div\u001b[39m\n                  \u001b[33mstyle\u001b[39m=\u001b[32m\"margin-bottom: 16px;\"\u001b[39m\n                \u001b[36m>\u001b[39m\n                  \u001b[36m<b>\u001b[39m\n                    \u001b[0mComment:\u001b[0m\n                  \u001b[36m</b>\u001b[39m\n                  \u001b[0m \u001b[0m\n                  \u001b[0mThis was an excellent conference with great speakers and networking opportunities.\u001b[0m\n                \u001b[36m</div>\u001b[39m\n                \u001b[36m<div\u001b[39m\n                  \u001b[33mstyle\u001b[39m=\u001b[32m\"margin-bottom: 16px;\"\u001b[39m\n                \u001b[36m>\u001b[39m\n                  \u001b[36m<b>\u001b[39m\n                    \u001b[0mRating:\u001b[0m\n                  \u001b[36m</b>\u001b[39m\n                  \u001b[0m \u001b[0m\n                  \u001b[36m<ul\u001b[39m\n                    \u001b[33mclass\u001b[39m=\u001b[32m\"ant-rate css-dev-only-do-not-override-36gkoj ant-rate-disabled\"\u001b[39m\n                    \u001b[33mstyle\u001b[39m=\u001b[32m\"color: rgb(250, 173, 20); margin-left: 8px;\"\u001b[39m\n                    \u001b[33mtabindex\u001b[39m=\u001b[32m\"-1\"\u001b[39m\n                  \u001b[36m>\u001b[39m\n                    \u001b[36m<li\u001b[39m\n                      \u001b[33mclass\u001b[39m=\u001b[32m\"ant-rate-star ant-rate-star-full\"\u001b[39m\n                    \u001b[36m>\u001b[39m\n                      \u001b[36m<div\u001b[39m\n                        \u001b[33maria-checked\u001b[39m=\u001b[32m\"true\"\u001b[39m\n                        \u001b[33maria-posinset\u001b[39m=\u001b[32m\"1\"\u001b[39m\n                        \u001b[33maria-setsize\u001b[39m=\u001b[32m\"5\"\u001b[39m\n                        \u001b[33mrole\u001b[39m=\u001b[32m\"radio\"\u001b[39m\n                        \u001b[33mtabindex\u001b[39m=\u001b[32m\"-1\"\u001b[39m\n                      \u001b[36m>\u001b[39m\n                        \u001b[36m<div\u001b[39m\n                          \u001b[33mclass\u001b[39m=\u001b[32m\"ant-rate-star-first\"\u001b[39m\n                        \u001b[36m>\u001b[39m\n                          \u001b[36m<span\u001b[39m\n                            \u001b[33maria-label\u001b[39m=\u001b[32m\"star\"\u001b[39m\n                            \u001b[33mclass\u001b[39m=\u001b[32m\"anticon anticon-star\"\u001b[39m\n                            \u001b[33mrole\u001b[39m=\u001b[32m\"img\"\u001b[39m\n                          \u001b[36m>\u001b[39m\n                            \u001b[36m<svg\u001b[39m\n                              \u001b[33maria-hidden\u001b[39m=\u001b[32m\"true\"\u001b[39m\n                              \u001b[33mdata-icon\u001b[39m=\u001b[32m\"star\"\u001b[39m\n                              \u001b[33mfill\u001b[39m=\u001b[32m\"currentColor\"\u001b[39m\n                              \u001b[33mfocusable\u001b[39m=\u001b[32m\"false\"\u001b[39m\n                              \u001b[33mheight\u001b[39m=\u001b[32m\"1em\"\u001b[39m\n                              \u001b[33mviewBox\u001b[39m=\u001b[32m\"64 64 896 896\"\u001b[39m\n                              \u001b[33mwidth\u001b[39m=\u001b[32m\"1em\"\u001b[39m\n                            \u001b[36m>\u001b[39m\n                              \u001b[36m<path\u001b[39m\n                                \u001b[33md\u001b[39m=\u001b[32m\"M908.1 353.1l-253.9-36.9L540.7 86.1c-3.1-6.3-8.2-11.4-14.5-14.5-15.8-7.8-35-1.3-42.9 14.5L369.8 316.2l-253.9 36.9c-7 1-13.4 4.3-18.3 9.3a32.05 32.05 0 00.6 45.3l183.7 179.1-43.4 252.9a31.95 31.95 0 0046.4 33.7L512 754l227.1 119.4c6.2 3.3 13.4 4.4 20.3 3.2 17.4-3 29.1-19.5 26.1-36.9l-43.4-252.9 183.7-179.1c5-4.9 8.3-11.3 9.3-18.3 2.7-17.5-9.5-33.7-27-36.3z\"\u001b[39m\n                              \u001b[36m/>\u001b[39m\n                            \u001b[36m</svg>\u001b[39m\n                          \u001b[36m</span>\u001b[39m\n                        \u001b[36m</div>\u001b[39m\n                        \u001b[36m<div\u001b[39m\n                          ...\n    at Object.getElementError (D:\\all projects\\projects\\winshot\\feedback-analysis-front\\node_modules\\@testing-library\\dom\\dist\\config.js:37:19)\n    at D:\\all projects\\projects\\winshot\\feedback-analysis-front\\node_modules\\@testing-library\\dom\\dist\\query-helpers.js:76:38\n    at D:\\all projects\\projects\\winshot\\feedback-analysis-front\\node_modules\\@testing-library\\dom\\dist\\query-helpers.js:52:17\n    at D:\\all projects\\projects\\winshot\\feedback-analysis-front\\node_modules\\@testing-library\\dom\\dist\\query-helpers.js:95:19\n    at D:\\all projects\\projects\\winshot\\feedback-analysis-front\\src\\pages\\feedback\\feedbackDetails.test.tsx:130:19\n    at file:///D:/all%20projects/projects/winshot/feedback-analysis-front/node_modules/@vitest/runner/dist/chunk-hooks.js:155:11\n    at file:///D:/all%20projects/projects/winshot/feedback-analysis-front/node_modules/@vitest/runner/dist/chunk-hooks.js:752:26\n    at file:///D:/all%20projects/projects/winshot/feedback-analysis-front/node_modules/@vitest/runner/dist/chunk-hooks.js:1897:20\n    at new Promise (<anonymous>)\n    at runWithTimeout (file:///D:/all%20projects/projects/winshot/feedback-analysis-front/node_modules/@vitest/runner/dist/chunk-hooks.js:1863:10)"],"meta":{}}],"startTime":1753032563988,"endTime":1753032564660.1072,"status":"failed","message":"","name":"D:/all projects/projects/winshot/feedback-analysis-front/src/pages/feedback/feedbackDetails.test.tsx"},{"assertionResults":[{"ancestorTitles":["Home"],"fullName":"Home should render tabs component","status":"passed","title":"should render tabs component","duration":155.95989999999983,"failureMessages":[],"meta":{}},{"ancestorTitles":["Home"],"fullName":"Home should render Statistics tab","status":"passed","title":"should render Statistics tab","duration":21.739399999999932,"failureMessages":[],"meta":{}},{"ancestorTitles":["Home"],"fullName":"Home should render Conference Feedback tab","status":"passed","title":"should render Conference Feedback tab","duration":18.78919999999971,"failureMessages":[],"meta":{}},{"ancestorTitles":["Home"],"fullName":"Home should have Statistics tab as default active","status":"passed","title":"should have Statistics tab as default active","duration":18.72499999999991,"failureMessages":[],"meta":{}},{"ancestorTitles":["Home"],"fullName":"Home should render loading spinner initially for lazy components","status":"failed","title":"should render loading spinner initially for lazy components","duration":23.467599999999948,"failureMessages":["TestingLibraryElementError: Unable to find an element with the text: Loading.... This could be because the text is broken up by multiple elements. In this case, you can provide a function for your text matcher to make your matcher more flexible.\n\nIgnored nodes: comments, script, style\n\u001b[36m<body>\u001b[39m\n  \u001b[36m<div>\u001b[39m\n    \u001b[36m<div>\u001b[39m\n      \u001b[36m<div\u001b[39m\n        \u001b[33mclass\u001b[39m=\u001b[32m\"ant-tabs ant-tabs-top ant-tabs-centered css-dev-only-do-not-override-36gkoj\"\u001b[39m\n      \u001b[36m>\u001b[39m\n        \u001b[36m<div\u001b[39m\n          \u001b[33maria-orientation\u001b[39m=\u001b[32m\"horizontal\"\u001b[39m\n          \u001b[33mclass\u001b[39m=\u001b[32m\"ant-tabs-nav\"\u001b[39m\n          \u001b[33mrole\u001b[39m=\u001b[32m\"tablist\"\u001b[39m\n          \u001b[33mstyle\u001b[39m=\u001b[32m\"margin-bottom: 32px; font-weight: bold; font-size: 18px;\"\u001b[39m\n        \u001b[36m>\u001b[39m\n          \u001b[36m<div\u001b[39m\n            \u001b[33mclass\u001b[39m=\u001b[32m\"ant-tabs-nav-wrap\"\u001b[39m\n          \u001b[36m>\u001b[39m\n            \u001b[36m<div\u001b[39m\n              \u001b[33mclass\u001b[39m=\u001b[32m\"ant-tabs-nav-list\"\u001b[39m\n              \u001b[33mstyle\u001b[39m=\u001b[32m\"transform: translate(0px, 0px);\"\u001b[39m\n            \u001b[36m>\u001b[39m\n              \u001b[36m<div\u001b[39m\n                \u001b[33mclass\u001b[39m=\u001b[32m\"ant-tabs-tab ant-tabs-tab-active\"\u001b[39m\n                \u001b[33mdata-node-key\u001b[39m=\u001b[32m\"statistics\"\u001b[39m\n              \u001b[36m>\u001b[39m\n                \u001b[36m<div\u001b[39m\n                  \u001b[33maria-controls\u001b[39m=\u001b[32m\"rc-tabs-test-panel-statistics\"\u001b[39m\n                  \u001b[33maria-selected\u001b[39m=\u001b[32m\"true\"\u001b[39m\n                  \u001b[33mclass\u001b[39m=\u001b[32m\"ant-tabs-tab-btn\"\u001b[39m\n                  \u001b[33mid\u001b[39m=\u001b[32m\"rc-tabs-test-tab-statistics\"\u001b[39m\n                  \u001b[33mrole\u001b[39m=\u001b[32m\"tab\"\u001b[39m\n                  \u001b[33mtabindex\u001b[39m=\u001b[32m\"0\"\u001b[39m\n                \u001b[36m>\u001b[39m\n                  \u001b[0mStatistics\u001b[0m\n                \u001b[36m</div>\u001b[39m\n              \u001b[36m</div>\u001b[39m\n              \u001b[36m<div\u001b[39m\n                \u001b[33mclass\u001b[39m=\u001b[32m\"ant-tabs-tab\"\u001b[39m\n                \u001b[33mdata-node-key\u001b[39m=\u001b[32m\"conference-feedback\"\u001b[39m\n              \u001b[36m>\u001b[39m\n                \u001b[36m<div\u001b[39m\n                  \u001b[33maria-controls\u001b[39m=\u001b[32m\"rc-tabs-test-panel-conference-feedback\"\u001b[39m\n                  \u001b[33maria-selected\u001b[39m=\u001b[32m\"false\"\u001b[39m\n                  \u001b[33mclass\u001b[39m=\u001b[32m\"ant-tabs-tab-btn\"\u001b[39m\n                  \u001b[33mid\u001b[39m=\u001b[32m\"rc-tabs-test-tab-conference-feedback\"\u001b[39m\n                  \u001b[33mrole\u001b[39m=\u001b[32m\"tab\"\u001b[39m\n                  \u001b[33mtabindex\u001b[39m=\u001b[32m\"-1\"\u001b[39m\n                \u001b[36m>\u001b[39m\n                  \u001b[0mConference Feedback\u001b[0m\n                \u001b[36m</div>\u001b[39m\n              \u001b[36m</div>\u001b[39m\n              \u001b[36m<div\u001b[39m\n                \u001b[33mclass\u001b[39m=\u001b[32m\"ant-tabs-ink-bar ant-tabs-ink-bar-animated\"\u001b[39m\n              \u001b[36m/>\u001b[39m\n            \u001b[36m</div>\u001b[39m\n          \u001b[36m</div>\u001b[39m\n          \u001b[36m<div\u001b[39m\n            \u001b[33mclass\u001b[39m=\u001b[32m\"ant-tabs-nav-operations ant-tabs-nav-operations-hidden\"\u001b[39m\n            \u001b[33mstyle\u001b[39m=\u001b[32m\"margin-bottom: 32px; font-weight: bold; font-size: 18px;\"\u001b[39m\n          \u001b[36m>\u001b[39m\n            \u001b[36m<button\u001b[39m\n              \u001b[33maria-controls\u001b[39m=\u001b[32m\"rc-tabs-test-more-popup\"\u001b[39m\n              \u001b[33maria-expanded\u001b[39m=\u001b[32m\"false\"\u001b[39m\n              \u001b[33maria-haspopup\u001b[39m=\u001b[32m\"listbox\"\u001b[39m\n              \u001b[33mclass\u001b[39m=\u001b[32m\"ant-tabs-nav-more\"\u001b[39m\n              \u001b[33mid\u001b[39m=\u001b[32m\"rc-tabs-test-more\"\u001b[39m\n              \u001b[33mstyle\u001b[39m=\u001b[32m\"visibility: hidden; order: 1;\"\u001b[39m\n              \u001b[33mtype\u001b[39m=\u001b[32m\"button\"\u001b[39m\n            \u001b[36m>\u001b[39m\n              \u001b[36m<span\u001b[39m\n                \u001b[33maria-label\u001b[39m=\u001b[32m\"ellipsis\"\u001b[39m\n                \u001b[33mclass\u001b[39m=\u001b[32m\"anticon anticon-ellipsis\"\u001b[39m\n                \u001b[33mrole\u001b[39m=\u001b[32m\"img\"\u001b[39m\n              \u001b[36m>\u001b[39m\n                \u001b[36m<svg\u001b[39m\n                  \u001b[33maria-hidden\u001b[39m=\u001b[32m\"true\"\u001b[39m\n                  \u001b[33mdata-icon\u001b[39m=\u001b[32m\"ellipsis\"\u001b[39m\n                  \u001b[33mfill\u001b[39m=\u001b[32m\"currentColor\"\u001b[39m\n                  \u001b[33mfocusable\u001b[39m=\u001b[32m\"false\"\u001b[39m\n                  \u001b[33mheight\u001b[39m=\u001b[32m\"1em\"\u001b[39m\n                  \u001b[33mviewBox\u001b[39m=\u001b[32m\"64 64 896 896\"\u001b[39m\n                  \u001b[33mwidth\u001b[39m=\u001b[32m\"1em\"\u001b[39m\n                \u001b[36m>\u001b[39m\n                  \u001b[36m<path\u001b[39m\n                    \u001b[33md\u001b[39m=\u001b[32m\"M176 511a56 56 0 10112 0 56 56 0 10-112 0zm280 0a56 56 0 10112 0 56 56 0 10-112 0zm280 0a56 56 0 10112 0 56 56 0 10-112 0z\"\u001b[39m\n                  \u001b[36m/>\u001b[39m\n                \u001b[36m</svg>\u001b[39m\n              \u001b[36m</span>\u001b[39m\n            \u001b[36m</button>\u001b[39m\n          \u001b[36m</div>\u001b[39m\n        \u001b[36m</div>\u001b[39m\n        \u001b[36m<div\u001b[39m\n          \u001b[33mclass\u001b[39m=\u001b[32m\"ant-tabs-content-holder\"\u001b[39m\n        \u001b[36m>\u001b[39m\n          \u001b[36m<div\u001b[39m\n            \u001b[33mclass\u001b[39m=\u001b[32m\"ant-tabs-content ant-tabs-content-top\"\u001b[39m\n          \u001b[36m>\u001b[39m\n            \u001b[36m<div\u001b[39m\n              \u001b[33maria-hidden\u001b[39m=\u001b[32m\"false\"\u001b[39m\n              \u001b[33maria-labelledby\u001b[39m=\u001b[32m\"rc-tabs-test-tab-statistics\"\u001b[39m\n              \u001b[33mclass\u001b[39m=\u001b[32m\"ant-tabs-tabpane ant-tabs-tabpane-active\"\u001b[39m\n              \u001b[33mid\u001b[39m=\u001b[32m\"rc-tabs-test-panel-statistics\"\u001b[39m\n              \u001b[33mrole\u001b[39m=\u001b[32m\"tabpanel\"\u001b[39m\n              \u001b[33mtabindex\u001b[39m=\u001b[32m\"0\"\u001b[39m\n            \u001b[36m>\u001b[39m\n              \u001b[36m<div\u001b[39m\n                \u001b[33mdata-testid\u001b[39m=\u001b[32m\"feedback-statistics\"\u001b[39m\n              \u001b[36m>\u001b[39m\n                \u001b[0mStatistics Component\u001b[0m\n              \u001b[36m</div>\u001b[39m\n            \u001b[36m</div>\u001b[39m\n          \u001b[36m</div>\u001b[39m\n        \u001b[36m</div>\u001b[39m\n      \u001b[36m</div>\u001b[39m\n    \u001b[36m</div>\u001b[39m\n  \u001b[36m</div>\u001b[39m\n\u001b[36m</body>\u001b[39m\n    at Object.getElementError (D:\\all projects\\projects\\winshot\\feedback-analysis-front\\node_modules\\@testing-library\\dom\\dist\\config.js:37:19)\n    at D:\\all projects\\projects\\winshot\\feedback-analysis-front\\node_modules\\@testing-library\\dom\\dist\\query-helpers.js:76:38\n    at D:\\all projects\\projects\\winshot\\feedback-analysis-front\\node_modules\\@testing-library\\dom\\dist\\query-helpers.js:52:17\n    at D:\\all projects\\projects\\winshot\\feedback-analysis-front\\node_modules\\@testing-library\\dom\\dist\\query-helpers.js:95:19\n    at D:\\all projects\\projects\\winshot\\feedback-analysis-front\\src\\pages\\home\\index.test.tsx:46:19\n    at file:///D:/all%20projects/projects/winshot/feedback-analysis-front/node_modules/@vitest/runner/dist/chunk-hooks.js:155:11\n    at file:///D:/all%20projects/projects/winshot/feedback-analysis-front/node_modules/@vitest/runner/dist/chunk-hooks.js:752:26\n    at file:///D:/all%20projects/projects/winshot/feedback-analysis-front/node_modules/@vitest/runner/dist/chunk-hooks.js:1897:20\n    at new Promise (<anonymous>)\n    at runWithTimeout (file:///D:/all%20projects/projects/winshot/feedback-analysis-front/node_modules/@vitest/runner/dist/chunk-hooks.js:1863:10)"],"meta":{}},{"ancestorTitles":["Home"],"fullName":"Home should load Statistics component when Statistics tab is active","status":"passed","title":"should load Statistics component when Statistics tab is active","duration":18.157799999999952,"failureMessages":[],"meta":{}}],"startTime":1753032563930,"endTime":1753032564188.1577,"status":"failed","message":"","name":"D:/all projects/projects/winshot/feedback-analysis-front/src/pages/home/index.test.tsx"}]}